[INFO  Fri 09 May 2025 10:15:58 PM CEST] ...rt/mason.nvim/lua/mason-core/installer/InstallRunner.lua:40: Executing installer for Package(name=gopls) {
  debug = false,
  force = false,
  strict = false
}
[INFO  Fri 09 May 2025 10:15:58 PM CEST] ...rt/mason.nvim/lua/mason-core/installer/InstallRunner.lua:40: Executing installer for Package(name=lua-language-server) {
  debug = false,
  force = false,
  strict = false
}
[INFO  Fri 09 May 2025 10:15:58 PM CEST] ...rt/mason.nvim/lua/mason-core/installer/InstallRunner.lua:40: Executing installer for Package(name=eslint-lsp) {
  debug = false,
  force = false,
  strict = false
}
[INFO  Fri 09 May 2025 10:15:58 PM CEST] ...rt/mason.nvim/lua/mason-core/installer/InstallRunner.lua:40: Executing installer for Package(name=html-lsp) {
  debug = false,
  force = false,
  strict = false
}
[INFO  Fri 09 May 2025 10:15:58 PM CEST] ...rt/mason.nvim/lua/mason-core/installer/InstallRunner.lua:40: Executing installer for Package(name=css-lsp) {
  debug = false,
  force = false,
  strict = false
}
[INFO  Fri 09 May 2025 10:15:58 PM CEST] ...rt/mason.nvim/lua/mason-core/installer/InstallRunner.lua:40: Executing installer for Package(name=bash-language-server) {
  debug = false,
  force = false,
  strict = false
}
[INFO  Fri 09 May 2025 10:15:58 PM CEST] ...rt/mason.nvim/lua/mason-core/installer/InstallRunner.lua:40: Executing installer for Package(name=json-lsp) {
  debug = false,
  force = false,
  strict = false
}
[ERROR Fri 09 May 2025 10:15:58 PM CEST] .../pack/packer/start/mason.nvim/lua/mason-core/process.lua:225: Failed to spawn process. cmd="go", err="ENOENT: no such file or directory"
[ERROR Fri 09 May 2025 10:15:58 PM CEST] ...rt/mason.nvim/lua/mason-core/installer/InstallRunner.lua:93: Installation failed for Package(name=gopls) error=spawn: go failed with exit code - and signal -. Could not find executable "go" in PATH.

[ERROR Fri 09 May 2025 10:15:58 PM CEST] .../pack/packer/start/mason.nvim/lua/mason-core/process.lua:225: Failed to spawn process. cmd="npm", err="ENOENT: no such file or directory"
[ERROR Fri 09 May 2025 10:15:58 PM CEST] .../pack/packer/start/mason.nvim/lua/mason-core/process.lua:225: Failed to spawn process. cmd="npm", err="ENOENT: no such file or directory"
[ERROR Fri 09 May 2025 10:15:58 PM CEST] ...rt/mason.nvim/lua/mason-core/installer/InstallRunner.lua:93: Installation failed for Package(name=html-lsp) error=spawn: npm failed with exit code - and signal -. Could not find executable "npm" in PATH.

[ERROR Fri 09 May 2025 10:15:58 PM CEST] ...rt/mason.nvim/lua/mason-core/installer/InstallRunner.lua:93: Installation failed for Package(name=eslint-lsp) error=spawn: npm failed with exit code - and signal -. Could not find executable "npm" in PATH.

[ERROR Fri 09 May 2025 10:16:13 PM CEST] .../pack/packer/start/mason.nvim/lua/mason-core/process.lua:225: Failed to spawn process. cmd="npm", err="ENOENT: no such file or directory"
[ERROR Fri 09 May 2025 10:16:13 PM CEST] ...rt/mason.nvim/lua/mason-core/installer/InstallRunner.lua:93: Installation failed for Package(name=css-lsp) error=spawn: npm failed with exit code - and signal -. Could not find executable "npm" in PATH.

[ERROR Fri 09 May 2025 10:16:18 PM CEST] .../pack/packer/start/mason.nvim/lua/mason-core/process.lua:225: Failed to spawn process. cmd="npm", err="ENOENT: no such file or directory"
[ERROR Fri 09 May 2025 10:16:18 PM CEST] .../pack/packer/start/mason.nvim/lua/mason-core/process.lua:225: Failed to spawn process. cmd="npm", err="ENOENT: no such file or directory"
[ERROR Fri 09 May 2025 10:16:18 PM CEST] ...rt/mason.nvim/lua/mason-core/installer/InstallRunner.lua:93: Installation failed for Package(name=bash-language-server) error=spawn: npm failed with exit code - and signal -. Could not find executable "npm" in PATH.

[ERROR Fri 09 May 2025 10:16:18 PM CEST] ...rt/mason.nvim/lua/mason-core/installer/InstallRunner.lua:93: Installation failed for Package(name=json-lsp) error=spawn: npm failed with exit code - and signal -. Could not find executable "npm" in PATH.

[INFO  Fri 09 May 2025 10:16:24 PM CEST] ...rt/mason.nvim/lua/mason-core/installer/InstallRunner.lua:86: Installation succeeded for Package(name=lua-language-server)
[INFO  Fri 09 May 2025 10:17:07 PM CEST] ...rt/mason.nvim/lua/mason-core/installer/InstallRunner.lua:40: Executing installer for Package(name=gopls) {
  debug = false,
  force = false,
  strict = false
}
[INFO  Fri 09 May 2025 10:17:07 PM CEST] ...rt/mason.nvim/lua/mason-core/installer/InstallRunner.lua:40: Executing installer for Package(name=eslint-lsp) {
  debug = false,
  force = false,
  strict = false
}
[INFO  Fri 09 May 2025 10:17:07 PM CEST] ...rt/mason.nvim/lua/mason-core/installer/InstallRunner.lua:40: Executing installer for Package(name=html-lsp) {
  debug = false,
  force = false,
  strict = false
}
[INFO  Fri 09 May 2025 10:17:07 PM CEST] ...rt/mason.nvim/lua/mason-core/installer/InstallRunner.lua:40: Executing installer for Package(name=css-lsp) {
  debug = false,
  force = false,
  strict = false
}
[INFO  Fri 09 May 2025 10:17:07 PM CEST] ...rt/mason.nvim/lua/mason-core/installer/InstallRunner.lua:40: Executing installer for Package(name=bash-language-server) {
  debug = false,
  force = false,
  strict = false
}
[INFO  Fri 09 May 2025 10:17:07 PM CEST] ...rt/mason.nvim/lua/mason-core/installer/InstallRunner.lua:40: Executing installer for Package(name=json-lsp) {
  debug = false,
  force = false,
  strict = false
}
[ERROR Fri 09 May 2025 10:17:07 PM CEST] .../pack/packer/start/mason.nvim/lua/mason-core/process.lua:225: Failed to spawn process. cmd="npm", err="ENOENT: no such file or directory"
[ERROR Fri 09 May 2025 10:17:07 PM CEST] .../pack/packer/start/mason.nvim/lua/mason-core/process.lua:225: Failed to spawn process. cmd="npm", err="ENOENT: no such file or directory"
[ERROR Fri 09 May 2025 10:17:07 PM CEST] ...rt/mason.nvim/lua/mason-core/installer/InstallRunner.lua:93: Installation failed for Package(name=html-lsp) error=spawn: npm failed with exit code - and signal -. Could not find executable "npm" in PATH.

[ERROR Fri 09 May 2025 10:17:07 PM CEST] .../pack/packer/start/mason.nvim/lua/mason-core/process.lua:225: Failed to spawn process. cmd="npm", err="ENOENT: no such file or directory"
[ERROR Fri 09 May 2025 10:17:07 PM CEST] ...rt/mason.nvim/lua/mason-core/installer/InstallRunner.lua:93: Installation failed for Package(name=css-lsp) error=spawn: npm failed with exit code - and signal -. Could not find executable "npm" in PATH.

[ERROR Fri 09 May 2025 10:17:07 PM CEST] ...rt/mason.nvim/lua/mason-core/installer/InstallRunner.lua:93: Installation failed for Package(name=eslint-lsp) error=spawn: npm failed with exit code - and signal -. Could not find executable "npm" in PATH.

[ERROR Fri 09 May 2025 10:17:07 PM CEST] .../pack/packer/start/mason.nvim/lua/mason-core/process.lua:225: Failed to spawn process. cmd="go", err="ENOENT: no such file or directory"
[ERROR Fri 09 May 2025 10:17:07 PM CEST] ...rt/mason.nvim/lua/mason-core/installer/InstallRunner.lua:93: Installation failed for Package(name=gopls) error=spawn: go failed with exit code - and signal -. Could not find executable "go" in PATH.

[ERROR Fri 09 May 2025 10:17:10 PM CEST] .../pack/packer/start/mason.nvim/lua/mason-core/process.lua:225: Failed to spawn process. cmd="npm", err="ENOENT: no such file or directory"
[ERROR Fri 09 May 2025 10:17:10 PM CEST] .../pack/packer/start/mason.nvim/lua/mason-core/process.lua:225: Failed to spawn process. cmd="npm", err="ENOENT: no such file or directory"
[ERROR Fri 09 May 2025 10:17:10 PM CEST] ...rt/mason.nvim/lua/mason-core/installer/InstallRunner.lua:93: Installation failed for Package(name=bash-language-server) error=spawn: npm failed with exit code - and signal -. Could not find executable "npm" in PATH.

[ERROR Fri 09 May 2025 10:17:10 PM CEST] ...rt/mason.nvim/lua/mason-core/installer/InstallRunner.lua:93: Installation failed for Package(name=json-lsp) error=spawn: npm failed with exit code - and signal -. Could not find executable "npm" in PATH.

[INFO  Fri 09 May 2025 10:18:11 PM CEST] ...rt/mason.nvim/lua/mason-core/installer/InstallRunner.lua:40: Executing installer for Package(name=gopls) {
  debug = false,
  force = false,
  strict = false
}
[INFO  Fri 09 May 2025 10:18:11 PM CEST] ...rt/mason.nvim/lua/mason-core/installer/InstallRunner.lua:40: Executing installer for Package(name=eslint-lsp) {
  debug = false,
  force = false,
  strict = false
}
[INFO  Fri 09 May 2025 10:18:11 PM CEST] ...rt/mason.nvim/lua/mason-core/installer/InstallRunner.lua:40: Executing installer for Package(name=html-lsp) {
  debug = false,
  force = false,
  strict = false
}
[INFO  Fri 09 May 2025 10:18:11 PM CEST] ...rt/mason.nvim/lua/mason-core/installer/InstallRunner.lua:40: Executing installer for Package(name=css-lsp) {
  debug = false,
  force = false,
  strict = false
}
[INFO  Fri 09 May 2025 10:18:11 PM CEST] ...rt/mason.nvim/lua/mason-core/installer/InstallRunner.lua:40: Executing installer for Package(name=bash-language-server) {
  debug = false,
  force = false,
  strict = false
}
[INFO  Fri 09 May 2025 10:18:11 PM CEST] ...rt/mason.nvim/lua/mason-core/installer/InstallRunner.lua:40: Executing installer for Package(name=json-lsp) {
  debug = false,
  force = false,
  strict = false
}
[ERROR Fri 09 May 2025 10:18:11 PM CEST] .../pack/packer/start/mason.nvim/lua/mason-core/process.lua:225: Failed to spawn process. cmd="go", err="ENOENT: no such file or directory"
[ERROR Fri 09 May 2025 10:18:11 PM CEST] ...rt/mason.nvim/lua/mason-core/installer/InstallRunner.lua:93: Installation failed for Package(name=gopls) error=spawn: go failed with exit code - and signal -. Could not find executable "go" in PATH.

[ERROR Fri 09 May 2025 10:18:12 PM CEST] .../pack/packer/start/mason.nvim/lua/mason-core/process.lua:225: Failed to spawn process. cmd="npm", err="ENOENT: no such file or directory"
[ERROR Fri 09 May 2025 10:18:12 PM CEST] .../pack/packer/start/mason.nvim/lua/mason-core/process.lua:225: Failed to spawn process. cmd="npm", err="ENOENT: no such file or directory"
[ERROR Fri 09 May 2025 10:18:12 PM CEST] ...rt/mason.nvim/lua/mason-core/installer/InstallRunner.lua:93: Installation failed for Package(name=eslint-lsp) error=spawn: npm failed with exit code - and signal -. Could not find executable "npm" in PATH.

[ERROR Fri 09 May 2025 10:18:12 PM CEST] .../pack/packer/start/mason.nvim/lua/mason-core/process.lua:225: Failed to spawn process. cmd="npm", err="ENOENT: no such file or directory"
[ERROR Fri 09 May 2025 10:18:12 PM CEST] ...rt/mason.nvim/lua/mason-core/installer/InstallRunner.lua:93: Installation failed for Package(name=html-lsp) error=spawn: npm failed with exit code - and signal -. Could not find executable "npm" in PATH.

[ERROR Fri 09 May 2025 10:18:12 PM CEST] ...rt/mason.nvim/lua/mason-core/installer/InstallRunner.lua:93: Installation failed for Package(name=css-lsp) error=spawn: npm failed with exit code - and signal -. Could not find executable "npm" in PATH.

[ERROR Fri 09 May 2025 10:18:12 PM CEST] .../pack/packer/start/mason.nvim/lua/mason-core/process.lua:225: Failed to spawn process. cmd="npm", err="ENOENT: no such file or directory"
[ERROR Fri 09 May 2025 10:18:12 PM CEST] ...rt/mason.nvim/lua/mason-core/installer/InstallRunner.lua:93: Installation failed for Package(name=bash-language-server) error=spawn: npm failed with exit code - and signal -. Could not find executable "npm" in PATH.

[ERROR Fri 09 May 2025 10:18:12 PM CEST] .../pack/packer/start/mason.nvim/lua/mason-core/process.lua:225: Failed to spawn process. cmd="npm", err="ENOENT: no such file or directory"
[ERROR Fri 09 May 2025 10:18:12 PM CEST] ...rt/mason.nvim/lua/mason-core/installer/InstallRunner.lua:93: Installation failed for Package(name=json-lsp) error=spawn: npm failed with exit code - and signal -. Could not find executable "npm" in PATH.

[INFO  Fri 09 May 2025 10:19:38 PM CEST] ...rt/mason.nvim/lua/mason-core/installer/InstallRunner.lua:40: Executing installer for Package(name=gopls) {
  debug = false,
  force = false,
  strict = false
}
[INFO  Fri 09 May 2025 10:19:38 PM CEST] ...rt/mason.nvim/lua/mason-core/installer/InstallRunner.lua:40: Executing installer for Package(name=eslint-lsp) {
  debug = false,
  force = false,
  strict = false
}
[INFO  Fri 09 May 2025 10:19:38 PM CEST] ...rt/mason.nvim/lua/mason-core/installer/InstallRunner.lua:40: Executing installer for Package(name=html-lsp) {
  debug = false,
  force = false,
  strict = false
}
[INFO  Fri 09 May 2025 10:19:38 PM CEST] ...rt/mason.nvim/lua/mason-core/installer/InstallRunner.lua:40: Executing installer for Package(name=css-lsp) {
  debug = false,
  force = false,
  strict = false
}
[INFO  Fri 09 May 2025 10:19:38 PM CEST] ...rt/mason.nvim/lua/mason-core/installer/InstallRunner.lua:40: Executing installer for Package(name=bash-language-server) {
  debug = false,
  force = false,
  strict = false
}
[INFO  Fri 09 May 2025 10:19:38 PM CEST] ...rt/mason.nvim/lua/mason-core/installer/InstallRunner.lua:40: Executing installer for Package(name=json-lsp) {
  debug = false,
  force = false,
  strict = false
}
[INFO  Fri 09 May 2025 10:19:40 PM CEST] ...rt/mason.nvim/lua/mason-core/installer/InstallRunner.lua:86: Installation succeeded for Package(name=html-lsp)
[INFO  Fri 09 May 2025 10:19:40 PM CEST] ...rt/mason.nvim/lua/mason-core/installer/InstallRunner.lua:86: Installation succeeded for Package(name=eslint-lsp)
[INFO  Fri 09 May 2025 10:19:40 PM CEST] ...rt/mason.nvim/lua/mason-core/installer/InstallRunner.lua:86: Installation succeeded for Package(name=css-lsp)
[INFO  Fri 09 May 2025 10:19:42 PM CEST] ...rt/mason.nvim/lua/mason-core/installer/InstallRunner.lua:86: Installation succeeded for Package(name=json-lsp)
[INFO  Fri 09 May 2025 10:19:43 PM CEST] ...rt/mason.nvim/lua/mason-core/installer/InstallRunner.lua:86: Installation succeeded for Package(name=bash-language-server)
[INFO  Fri 09 May 2025 10:19:48 PM CEST] ...rt/mason.nvim/lua/mason-core/installer/InstallRunner.lua:86: Installation succeeded for Package(name=gopls)
